2025-01-02 13:16:45 [info] : No token provided
2025-01-02 13:16:59 [info] : No token provided
2025-01-02 13:16:59 [info] : No token provided
2025-01-02 13:17:00 [info] : No token provided
2025-01-02 13:17:00 [info] : No token provided
2025-01-02 13:17:01 [info] : [POST] /user/login - Login request received
Metadata: {
  "body": {
    "email": "test@example.com",
    "password": "password123"
  },
  "params": {},
  "query": {}
}
2025-01-02 13:17:01 [info] : Checking if user exists
Metadata: {
  "email": "test@example.com"
}
2025-01-02 13:17:01 [info] : Database Operation: Close database connection
Metadata: {
  "operation": "userExists"
}
2025-01-02 13:17:01 [info] : User existence check completed
Metadata: {
  "exists": false,
  "email": "test@example.com"
}
2025-01-02 13:17:01 [info] : [POST] /user/login - User not found
Metadata: {
  "body": {
    "email": "test@example.com",
    "password": "password123"
  },
  "params": {},
  "query": {}
}
2025-01-02 13:17:01 [info] : Database connection closed
2025-01-02 13:17:03 [info] : No token provided
2025-01-02 13:17:03 [info] : No token provided
2025-01-02 13:17:03 [info] : No token provided
2025-01-02 13:17:03 [info] : No token provided
2025-01-02 13:17:09 [info] : [POST] /user/login - Login request received
Metadata: {
  "body": {
    "email": "test@example.com",
    "password": "password123"
  },
  "params": {},
  "query": {}
}
2025-01-02 13:17:09 [info] : Checking if user exists
Metadata: {
  "email": "test@example.com"
}
2025-01-02 13:17:09 [info] : Database Operation: Close database connection
Metadata: {
  "operation": "userExists"
}
2025-01-02 13:17:09 [info] : Connected to SQLite database
2025-01-02 13:17:09 [info] : Database schema initialized successfully
2025-01-02 13:17:09 [info] : User existence check completed
Metadata: {
  "exists": false,
  "email": "test@example.com"
}
2025-01-02 13:17:09 [info] : [POST] /user/login - User not found
Metadata: {
  "body": {
    "email": "test@example.com",
    "password": "password123"
  },
  "params": {},
  "query": {}
}
2025-01-02 13:17:09 [info] : Database connection closed
2025-01-02 13:17:10 [info] : No token provided
2025-01-02 13:17:10 [info] : No token provided
2025-01-02 13:17:10 [info] : No token provided
2025-01-02 13:17:10 [info] : No token provided
2025-01-02 13:17:14 [info] : No token provided
2025-01-02 13:17:14 [info] : No token provided
2025-01-02 13:17:14 [info] : No token provided
2025-01-02 13:17:14 [info] : No token provided
2025-01-02 13:17:46 [info] : [POST] /user/add - New user registration request received
Metadata: {
  "body": {
    "name": "Nitin Chaudhary",
    "email": "test@example.com",
    "password": "password123",
    "confirmPassword": "password123"
  },
  "params": {},
  "query": {}
}
2025-01-02 13:17:46 [info] : Checking if user exists
Metadata: {
  "email": "test@example.com"
}
2025-01-02 13:17:46 [info] : Database Operation: Close database connection
Metadata: {
  "operation": "userExists"
}
2025-01-02 13:17:46 [info] : Connected to SQLite database
2025-01-02 13:17:46 [info] : Database schema initialized successfully
2025-01-02 13:17:46 [info] : User existence check completed
Metadata: {
  "exists": false,
  "email": "test@example.com"
}
2025-01-02 13:17:46 [info] : Creating new user
Metadata: {
  "name": "Nitin Chaudhary",
  "email": "test@example.com"
}
2025-01-02 13:17:46 [info] : Database connection closed
2025-01-02 13:17:46 [info] : Connected to SQLite database
2025-01-02 13:17:46 [info] : Database schema initialized successfully
2025-01-02 13:17:46 [info] : Database Operation: Hash password
Metadata: {
  "email": "test@example.com"
}
2025-01-02 13:17:46 [info] : Database Operation: Insert user
Metadata: {
  "email": "test@example.com",
  "sql": "INSERT INTO users (name, email, password, role, createdAt, updatedAt) \n                        VALUES (?, ?, ?, ?, ?, ?)"
}
2025-01-02 13:17:46 [info] : Database Operation: Close database connection
Metadata: {
  "operation": "newUser"
}
2025-01-02 13:17:46 [info] : User created successfully
Metadata: {
  "userId": 1,
  "email": "test@example.com"
}
2025-01-02 13:17:46 [info] : Getting user by ID
Metadata: {
  "id": 1
}
2025-01-02 13:17:46 [info] : Database Operation: Get user by ID
Metadata: {
  "id": 1,
  "sql": "SELECT * FROM users WHERE id = ?"
}
2025-01-02 13:17:46 [info] : Database Operation: Close database connection
Metadata: {
  "operation": "getUserById"
}
2025-01-02 13:17:46 [info] : Database connection closed
2025-01-02 13:17:46 [info] : Connected to SQLite database
2025-01-02 13:17:46 [info] : Database schema initialized successfully
2025-01-02 13:17:46 [info] : User found
Metadata: {
  "id": 1
}
2025-01-02 13:17:46 [info] : Generating auth token
Metadata: {
  "userId": 1
}
2025-01-02 13:17:46 [info] : Auth token generated successfully
Metadata: {
  "userId": 1
}
2025-01-02 13:17:46 [info] : [POST] /user/add - User registered and logged in successfully
Metadata: {
  "body": {
    "name": "Nitin Chaudhary",
    "email": "test@example.com",
    "password": "password123",
    "confirmPassword": "password123"
  },
  "params": {},
  "query": {}
}
2025-01-02 13:17:46 [info] : Database connection closed
2025-01-02 13:17:46 [info] : [POST] /user/login - Login request received
Metadata: {
  "body": {
    "email": "test@example.com",
    "password": "password123"
  },
  "params": {},
  "query": {}
}
2025-01-02 13:17:46 [info] : Checking if user exists
Metadata: {
  "email": "test@example.com"
}
2025-01-02 13:17:46 [info] : Database Operation: Close database connection
Metadata: {
  "operation": "userExists"
}
2025-01-02 13:17:46 [info] : Connected to SQLite database
2025-01-02 13:17:46 [info] : Database schema initialized successfully
2025-01-02 13:17:46 [info] : User existence check completed
Metadata: {
  "exists": true,
  "email": "test@example.com"
}
2025-01-02 13:17:46 [info] : Getting user by email
Metadata: {
  "email": "test@example.com"
}
2025-01-02 13:17:46 [info] : Database Operation: Get user by email
Metadata: {
  "email": "test@example.com",
  "sql": "SELECT * FROM users WHERE email = ?"
}
2025-01-02 13:17:46 [info] : Database Operation: Close database connection
Metadata: {
  "operation": "getUserByEmail"
}
2025-01-02 13:17:46 [info] : Database connection closed
2025-01-02 13:17:46 [info] : Connected to SQLite database
2025-01-02 13:17:46 [info] : Database schema initialized successfully
2025-01-02 13:17:46 [info] : User found
Metadata: {
  "email": "test@example.com"
}
2025-01-02 13:17:46 [info] : Database connection closed
2025-01-02 13:17:46 [info] : Generating auth token
Metadata: {
  "userId": 1
}
2025-01-02 13:17:46 [info] : Auth token generated successfully
Metadata: {
  "userId": 1
}
2025-01-02 13:17:46 [info] : [POST] /user/login - Login successful
Metadata: {
  "body": {
    "email": "test@example.com",
    "password": "password123"
  },
  "params": {},
  "query": {}
}
2025-01-02 13:18:46 [info] : [GET] /user/me - Get current user request received
Metadata: {
  "body": {},
  "params": {},
  "query": {}
}
2025-01-02 13:18:46 [info] : Getting user by ID
Metadata: {
  "id": 1
}
2025-01-02 13:18:46 [info] : Database Operation: Get user by ID
Metadata: {
  "id": 1,
  "sql": "SELECT * FROM users WHERE id = ?"
}
2025-01-02 13:18:46 [info] : Database Operation: Close database connection
Metadata: {
  "operation": "getUserById"
}
2025-01-02 13:18:46 [info] : Connected to SQLite database
2025-01-02 13:18:46 [info] : Database schema initialized successfully
2025-01-02 13:18:46 [info] : User found
Metadata: {
  "id": 1
}
2025-01-02 13:18:46 [info] : Generating auth token
Metadata: {
  "userId": 1
}
2025-01-02 13:18:46 [info] : Auth token generated successfully
Metadata: {
  "userId": 1
}
2025-01-02 13:18:46 [info] : Database connection closed
2025-01-02 13:19:00 [info] : [GET] /user/me - Get current user request received
Metadata: {
  "body": {},
  "params": {},
  "query": {}
}
2025-01-02 13:19:00 [info] : Getting user by ID
Metadata: {
  "id": 1
}
2025-01-02 13:19:00 [info] : Database Operation: Get user by ID
Metadata: {
  "id": 1,
  "sql": "SELECT * FROM users WHERE id = ?"
}
2025-01-02 13:19:00 [info] : Database Operation: Close database connection
Metadata: {
  "operation": "getUserById"
}
2025-01-02 13:19:00 [info] : Connected to SQLite database
2025-01-02 13:19:00 [info] : Database schema initialized successfully
2025-01-02 13:19:00 [info] : User found
Metadata: {
  "id": 1
}
2025-01-02 13:19:00 [info] : Generating auth token
Metadata: {
  "userId": 1
}
2025-01-02 13:19:00 [info] : Auth token generated successfully
Metadata: {
  "userId": 1
}
2025-01-02 13:19:00 [info] : Database connection closed
2025-01-02 13:19:09 [info] : No token provided
2025-01-02 13:19:09 [info] : No token provided
2025-01-02 13:19:14 [info] : No token provided
2025-01-02 13:19:14 [info] : No token provided
2025-01-02 13:19:18 [info] : No token provided
2025-01-02 13:19:18 [info] : No token provided
2025-01-02 13:19:22 [info] : [POST] /user/login - Login request received
Metadata: {
  "body": {
    "email": "test@example.com",
    "password": "password123"
  },
  "params": {},
  "query": {}
}
2025-01-02 13:19:22 [info] : Checking if user exists
Metadata: {
  "email": "test@example.com"
}
2025-01-02 13:19:22 [info] : Database Operation: Close database connection
Metadata: {
  "operation": "userExists"
}
2025-01-02 13:19:22 [info] : Connected to SQLite database
2025-01-02 13:19:22 [info] : Database schema initialized successfully
2025-01-02 13:19:22 [info] : User existence check completed
Metadata: {
  "exists": true,
  "email": "test@example.com"
}
2025-01-02 13:19:22 [info] : Getting user by email
Metadata: {
  "email": "test@example.com"
}
2025-01-02 13:19:22 [info] : Database Operation: Get user by email
Metadata: {
  "email": "test@example.com",
  "sql": "SELECT * FROM users WHERE email = ?"
}
2025-01-02 13:19:22 [info] : Database Operation: Close database connection
Metadata: {
  "operation": "getUserByEmail"
}
2025-01-02 13:19:22 [info] : Database connection closed
2025-01-02 13:19:22 [info] : Connected to SQLite database
2025-01-02 13:19:22 [info] : Database schema initialized successfully
2025-01-02 13:19:22 [info] : User found
Metadata: {
  "email": "test@example.com"
}
2025-01-02 13:19:22 [info] : Database connection closed
2025-01-02 13:19:22 [info] : Generating auth token
Metadata: {
  "userId": 1
}
2025-01-02 13:19:22 [info] : Auth token generated successfully
Metadata: {
  "userId": 1
}
2025-01-02 13:19:22 [info] : [POST] /user/login - Login successful
Metadata: {
  "body": {
    "email": "test@example.com",
    "password": "password123"
  },
  "params": {},
  "query": {}
}
2025-01-02 13:19:24 [info] : [GET] /user/me - Get current user request received
Metadata: {
  "body": {},
  "params": {},
  "query": {}
}
2025-01-02 13:19:24 [info] : Getting user by ID
Metadata: {
  "id": 1
}
2025-01-02 13:19:24 [info] : Database Operation: Get user by ID
Metadata: {
  "id": 1,
  "sql": "SELECT * FROM users WHERE id = ?"
}
2025-01-02 13:19:24 [info] : Database Operation: Close database connection
Metadata: {
  "operation": "getUserById"
}
2025-01-02 13:19:24 [info] : Connected to SQLite database
2025-01-02 13:19:24 [info] : Database schema initialized successfully
2025-01-02 13:19:24 [info] : User found
Metadata: {
  "id": 1
}
2025-01-02 13:19:24 [info] : Generating auth token
Metadata: {
  "userId": 1
}
2025-01-02 13:19:24 [info] : Auth token generated successfully
Metadata: {
  "userId": 1
}
2025-01-02 13:19:24 [info] : Database connection closed
2025-01-02 13:19:24 [info] : [GET] /user/me - Get current user request received
Metadata: {
  "body": {},
  "params": {},
  "query": {}
}
2025-01-02 13:19:24 [info] : Getting user by ID
Metadata: {
  "id": 1
}
2025-01-02 13:19:24 [info] : Database Operation: Get user by ID
Metadata: {
  "id": 1,
  "sql": "SELECT * FROM users WHERE id = ?"
}
2025-01-02 13:19:24 [info] : Database Operation: Close database connection
Metadata: {
  "operation": "getUserById"
}
2025-01-02 13:19:24 [info] : Connected to SQLite database
2025-01-02 13:19:24 [info] : Database schema initialized successfully
2025-01-02 13:19:24 [info] : User found
Metadata: {
  "id": 1
}
2025-01-02 13:19:24 [info] : Generating auth token
Metadata: {
  "userId": 1
}
2025-01-02 13:19:24 [info] : Auth token generated successfully
Metadata: {
  "userId": 1
}
2025-01-02 13:19:24 [info] : Database connection closed
2025-01-02 13:19:50 [info] : Creating order with data:
Metadata: {
  "title": "ai vs human",
  "subject": "ai vs human",
  "type": "ai vs human",
  "deadline": "2025-01-30T00:00:00.000Z",
  "userId": 1
}
2025-01-02 13:19:50 [info] : Creating new order:
Metadata: {
  "title": "ai vs human",
  "subject": "ai vs human",
  "type": "ai vs human",
  "deadline": "2025-01-30T00:00:00.000Z",
  "userId": 1
}
2025-01-02 13:19:50 [info] : Connected to SQLite database
2025-01-02 13:19:50 [info] : Database schema initialized successfully
2025-01-02 13:19:50 [info] : Order created:
Metadata: {
  "orderId": 13
}
2025-01-02 13:19:50 [info] : User-order relationship created:
Metadata: {
  "userId": 1,
  "orderId": 13
}
2025-01-02 13:19:50 [info] : Order details initialized
2025-01-02 13:19:50 [info] : Order value initialized
2025-01-02 13:19:50 [info] : Transaction committed successfully
2025-01-02 13:19:50 [info] : Order created successfully:
Metadata: {
  "orderId": 13
}
2025-01-02 13:19:52 [info] : [GET] /user/me - Get current user request received
Metadata: {
  "body": {},
  "params": {},
  "query": {}
}
2025-01-02 13:19:52 [info] : Getting user by ID
Metadata: {
  "id": 1
}
2025-01-02 13:19:52 [info] : Database Operation: Get user by ID
Metadata: {
  "id": 1,
  "sql": "SELECT * FROM users WHERE id = ?"
}
2025-01-02 13:19:52 [info] : Database Operation: Close database connection
Metadata: {
  "operation": "getUserById"
}
2025-01-02 13:19:52 [info] : User found
Metadata: {
  "id": 1
}
2025-01-02 13:19:52 [info] : Generating auth token
Metadata: {
  "userId": 1
}
2025-01-02 13:19:52 [info] : Auth token generated successfully
Metadata: {
  "userId": 1
}
2025-01-02 13:19:52 [info] : Database connection closed
2025-01-02 13:19:52 [info] : [GET] /user/me - Get current user request received
Metadata: {
  "body": {},
  "params": {},
  "query": {}
}
2025-01-02 13:19:52 [info] : Getting user by ID
Metadata: {
  "id": 1
}
2025-01-02 13:19:52 [info] : Database Operation: Get user by ID
Metadata: {
  "id": 1,
  "sql": "SELECT * FROM users WHERE id = ?"
}
2025-01-02 13:19:52 [info] : Database Operation: Close database connection
Metadata: {
  "operation": "getUserById"
}
2025-01-02 13:19:52 [info] : Connected to SQLite database
2025-01-02 13:19:52 [info] : Database schema initialized successfully
2025-01-02 13:19:52 [info] : User found
Metadata: {
  "id": 1
}
2025-01-02 13:19:52 [info] : Generating auth token
Metadata: {
  "userId": 1
}
2025-01-02 13:19:52 [info] : Auth token generated successfully
Metadata: {
  "userId": 1
}
2025-01-02 13:19:52 [info] : Database connection closed
2025-01-02 13:19:52 [info] : Fetching orders for user:
Metadata: {
  "userId": 1
}
2025-01-02 13:19:52 [info] : Fetching orders for user:
Metadata: {
  "userId": 1
}
2025-01-02 13:19:52 [info] : Connected to SQLite database
2025-01-02 13:19:52 [info] : Database schema initialized successfully
2025-01-02 13:19:52 [info] : Found user orders:
Metadata: {
  "count": 13,
  "userOrders": [
    {
      "orderid": 1
    },
    {
      "orderid": 2
    },
    {
      "orderid": 3
    },
    {
      "orderid": 4
    },
    {
      "orderid": 5
    },
    {
      "orderid": 6
    },
    {
      "orderid": 7
    },
    {
      "orderid": 8
    },
    {
      "orderid": 9
    },
    {
      "orderid": 10
    },
    {
      "orderid": 11
    },
    {
      "orderid": 12
    },
    {
      "orderid": 13
    }
  ]
}
2025-01-02 13:19:52 [info] : Retrieved orders:
Metadata: {
  "count": 13
}
2025-01-02 13:19:52 [info] : Returning enriched orders:
Metadata: {
  "count": 13
}
2025-01-02 13:19:52 [info] : Orders fetched successfully:
Metadata: {
  "count": 13
}
2025-01-02 13:20:59 [info] : [GET] /user/me - Get current user request received
Metadata: {
  "body": {},
  "params": {},
  "query": {}
}
2025-01-02 13:20:59 [info] : Getting user by ID
Metadata: {
  "id": 1
}
2025-01-02 13:20:59 [info] : Database Operation: Get user by ID
Metadata: {
  "id": 1,
  "sql": "SELECT * FROM users WHERE id = ?"
}
2025-01-02 13:20:59 [info] : Database Operation: Close database connection
Metadata: {
  "operation": "getUserById"
}
2025-01-02 13:20:59 [info] : User found
Metadata: {
  "id": 1
}
2025-01-02 13:20:59 [info] : Generating auth token
Metadata: {
  "userId": 1
}
2025-01-02 13:20:59 [info] : Auth token generated successfully
Metadata: {
  "userId": 1
}
2025-01-02 13:20:59 [info] : Database connection closed
2025-01-02 13:20:59 [info] : Fetching orders for user:
Metadata: {
  "userId": 1
}
2025-01-02 13:20:59 [info] : Fetching orders for user:
Metadata: {
  "userId": 1
}
2025-01-02 13:20:59 [info] : Connected to SQLite database
2025-01-02 13:20:59 [info] : Database schema initialized successfully
2025-01-02 13:20:59 [info] : Found user orders:
Metadata: {
  "count": 13,
  "userOrders": [
    {
      "orderid": 1
    },
    {
      "orderid": 2
    },
    {
      "orderid": 3
    },
    {
      "orderid": 4
    },
    {
      "orderid": 5
    },
    {
      "orderid": 6
    },
    {
      "orderid": 7
    },
    {
      "orderid": 8
    },
    {
      "orderid": 9
    },
    {
      "orderid": 10
    },
    {
      "orderid": 11
    },
    {
      "orderid": 12
    },
    {
      "orderid": 13
    }
  ]
}
2025-01-02 13:20:59 [info] : Retrieved orders:
Metadata: {
  "count": 13
}
2025-01-02 13:20:59 [info] : Returning enriched orders:
Metadata: {
  "count": 13
}
2025-01-02 13:20:59 [info] : Orders fetched successfully:
Metadata: {
  "count": 13
}
